<?xml version="1.0" encoding="UTF-8"?>
<!-- Generated by org.testng.reporters.JUnitReportReporter -->
<testsuite hostname="IBM011-R9ZHWAE" failures="0" tests="1" name="testcases.TC_002" time="11.547" errors="0" timestamp="07 Nov 2018 09:33:03 GMT" skipped="0">
  <testcase classname="testcases.TC_002" name="tc_001" time="11.547"/>
</testsuite> <!-- testcases.TC_002 -->
